<?xml version="1.0" encoding="UTF-8"?>
<testsuite name="com.opencsv.StateCensusAnalyserTest" tests="5" skipped="0" failures="0" errors="0" timestamp="2019-12-03T13:00:22" hostname="admin1-desktop" time="0.338">
  <properties/>
  <testcase name="givenIndianStateCensusInformation_whenProperAnalyse_shouldMatchRecords" classname="com.opencsv.StateCensusAnalyserTest" time="0.197"/>
  <testcase name="givenIndianStateCensusInformation_whenImproperFile_shouldHandleException" classname="com.opencsv.StateCensusAnalyserTest" time="0.026"/>
  <testcase name="givenIndianStateCensusInformation_whenNotSupportedFileType_shouldHandleException" classname="com.opencsv.StateCensusAnalyserTest" time="0.021"/>
  <testcase name="givenIndianStateCensusInformation_whenDelimeterImproper_shouldHandleException" classname="com.opencsv.StateCensusAnalyserTest" time="0.075"/>
  <testcase name="givenIndianStateCensusInformation_whenHeaderImproper_shouldHandleException" classname="com.opencsv.StateCensusAnalyserTest" time="0.018"/>
  <system-out><![CDATA[]]></system-out>
  <system-err><![CDATA[]]></system-err>
</testsuite>
