<?xml version="1.0" encoding="UTF-8"?>
<testsuite name="com.opencsv.StateCensusAnalyserTest" tests="1" skipped="0" failures="0" errors="0" timestamp="2019-12-01T08:36:43" hostname="admin142-desktop" time="0.003">
  <properties/>
  <testcase name="givenIndianStateCensusInformation_whenImproperFile_shouldHandleException" classname="com.opencsv.StateCensusAnalyserTest" time="0.003"/>
  <system-out><![CDATA[]]></system-out>
  <system-err><![CDATA[]]></system-err>
</testsuite>
