<?xml version="1.0" encoding="UTF-8"?>
<testsuite name="com.opencsv.StateCensusAnalyserTest" tests="1" skipped="0" failures="0" errors="0" timestamp="2019-12-01T09:01:03" hostname="admin142-desktop" time="0.077">
  <properties/>
  <testcase name="givenIndianStateCensusInformation_whenHeaderImproper_shouldHandleException" classname="com.opencsv.StateCensusAnalyserTest" time="0.077"/>
  <system-out><![CDATA[]]></system-out>
  <system-err><![CDATA[]]></system-err>
</testsuite>
