<?xml version="1.0" encoding="UTF-8"?>
<testsuite name="com.opencsv.StateCensusAnalyserTest" tests="5" skipped="0" failures="0" errors="0" timestamp="2019-12-04T13:45:00" hostname="admin1-desktop" time="0.166">
  <properties/>
  <testcase name="givenIndianStateCensusInformation_whenProperAnalyse_shouldMatchRecords" classname="com.opencsv.StateCensusAnalyserTest" time="0.122"/>
  <testcase name="givenIndianStateCensusInformation_whenImproperFile_shouldHandleException" classname="com.opencsv.StateCensusAnalyserTest" time="0.001"/>
  <testcase name="givenIndianStateCensusInformation_whenNotSupportedFileType_shouldHandleException" classname="com.opencsv.StateCensusAnalyserTest" time="0.015"/>
  <testcase name="givenIndianStateCensusInformation_whenDelimeterImproper_shouldHandleException" classname="com.opencsv.StateCensusAnalyserTest" time="0.012"/>
  <testcase name="givenIndianStateCensusInformation_whenHeaderImproper_shouldHandleException" classname="com.opencsv.StateCensusAnalyserTest" time="0.011"/>
  <system-out><![CDATA[]]></system-out>
  <system-err><![CDATA[]]></system-err>
</testsuite>
