<?xml version="1.0" encoding="UTF-8"?>
<testsuite name="com.opencsv.StateCensusAnalyserTest" tests="1" skipped="0" failures="0" errors="0" timestamp="2019-12-01T08:25:55" hostname="admin142-desktop" time="0.089">
  <properties/>
  <testcase name="givenIndianStateCensusInformation_whenProperAnalyse_shouldMatchRecords" classname="com.opencsv.StateCensusAnalyserTest" time="0.089"/>
  <system-out><![CDATA[]]></system-out>
  <system-err><![CDATA[]]></system-err>
</testsuite>
